<?xml version="1.0" encoding="UTF-8"?>
<!-- Generated by org.testng.reporters.JUnitXMLReporter -->
<testsuite hostname="DESKTOP-GK61F68" ignored="4" name="Test" tests="2" failures="0" timestamp="2021-03-02T18:33:03 IST" time="44.298" errors="0">
  <testcase name="createOrganizationTest" time="11.568" classname="com.crm.comcast.organizationtest.CreateOrgTest"/>
  <testcase name="createContact" time="11.955" classname="com.crm.comcast.contacttest.CreateContact"/>
  <testcase name="@AfterSuite configAfterSuite" time="0.0" classname="com.crm.comcast.genericutility.BaseClass">
    <ignored/>
  </testcase> <!-- @AfterSuite configAfterSuite -->
  <testcase name="createContactWithOrg" time="0.0" classname="com.crm.comcast.contacttest.CreateContact">
    <ignored/>
  </testcase> <!-- createContactWithOrg -->
  <testcase name="@BeforeSuite configBeforeSuite" time="0.0" classname="com.crm.comcast.genericutility.BaseClass">
    <ignored/>
  </testcase> <!-- @BeforeSuite configBeforeSuite -->
  <testcase name="createOrganizationWithIndustryTest" time="0.0" classname="com.crm.comcast.organizationtest.CreateOrgTest">
    <ignored/>
  </testcase> <!-- createOrganizationWithIndustryTest -->
</testsuite> <!-- Test -->
