<?xml version="1.0" encoding="UTF-8"?>
<!-- Generated by org.testng.reporters.JUnitXMLReporter -->
<testsuite hostname="Ty-Deepak-Tr" ignored="4" name="Test" tests="2" failures="0" timestamp="2021-02-27T13:02:09 IST" time="57.463" errors="0">
  <testcase name="createContact" time="15.002" classname="com.crm.comcast.contacttest.CreateContact"/>
  <testcase name="createOrganizationWithIndustryTest" time="18.098" classname="com.crm.comcast.organizationtest.CreateOrgTest"/>
  <testcase name="@AfterSuite configAfterSuite" time="0.0" classname="com.crm.comcast.genericutility.BaseClass">
    <ignored/>
  </testcase> <!-- @AfterSuite configAfterSuite -->
  <testcase name="createContactWithOrg" time="0.0" classname="com.crm.comcast.contacttest.CreateContact">
    <ignored/>
  </testcase> <!-- createContactWithOrg -->
  <testcase name="@BeforeSuite configBeforeSuite" time="0.0" classname="com.crm.comcast.genericutility.BaseClass">
    <ignored/>
  </testcase> <!-- @BeforeSuite configBeforeSuite -->
  <testcase name="createOrganizationTest" time="0.0" classname="com.crm.comcast.organizationtest.CreateOrgTest">
    <ignored/>
  </testcase> <!-- createOrganizationTest -->
</testsuite> <!-- Test -->
