<?xml version="1.0" encoding="UTF-8"?>
<testng-results skipped="0" failed="0" ignored="0" total="1" passed="1">
  <reporter-output>
  </reporter-output>
  <suite name="Default suite" duration-ms="41" started-at="2021-02-18T17:10:39 IST" finished-at="2021-02-18T17:10:39 IST">
    <groups>
    </groups>
    <test name="Default test" duration-ms="41" started-at="2021-02-18T17:10:39 IST" finished-at="2021-02-18T17:10:39 IST">
      <class name="com.practice.SeleniumCammanLineArgumnet">
        <test-method status="PASS" signature="sampleTest()[pri:0, instance:com.practice.SeleniumCammanLineArgumnet@30b8a058]" name="sampleTest" duration-ms="6" started-at="2021-02-18T17:10:39 IST" finished-at="2021-02-18T17:10:39 IST">
          <reporter-output>
          </reporter-output>
        </test-method> <!-- sampleTest -->
      </class> <!-- com.practice.SeleniumCammanLineArgumnet -->
    </test> <!-- Default test -->
  </suite> <!-- Default suite -->
</testng-results>
