<?xml version="1.0" encoding="UTF-8"?>
<!-- Generated by org.testng.reporters.JUnitXMLReporter -->
<testsuite hostname="Ty-Deepak-Tr" ignored="1" name="Default test" tests="1" failures="0" timestamp="2021-02-27T12:30:37 IST" time="73.801" errors="0">
  <testcase name="createContactWithOrg" time="57.055" classname="com.crm.comcast.contacttest.CreateContact"/>
  <testcase name="createContact" time="0.0" classname="com.crm.comcast.contacttest.CreateContact">
    <ignored/>
  </testcase> <!-- createContact -->
</testsuite> <!-- Default test -->
